This is pdfTeX, Version 3.14159265-2.6-1.40.20 (TeX Live 2019/Debian) (preloaded format=pdflatex 2022.11.3)  1 DEC 2022 15:24
entering extended mode
 restricted \write18 enabled.
 %&-line parsing enabled.
**result.tex
(./result.tex
LaTeX2e <2020-02-02> patch level 2
L3 programming layer <2020-02-14>
(/usr/share/texlive/texmf-dist/tex/latex/base/article.cls
Document Class: article 2019/12/20 v1.4l Standard LaTeX document class
(/usr/share/texlive/texmf-dist/tex/latex/base/size12.clo
File: size12.clo 2019/12/20 v1.4l Standard LaTeX file (size option)
)
\c@part=\count167
\c@section=\count168
\c@subsection=\count169
\c@subsubsection=\count170
\c@paragraph=\count171
\c@subparagraph=\count172
\c@figure=\count173
\c@table=\count174
\abovecaptionskip=\skip47
\belowcaptionskip=\skip48
\bibindent=\dimen134
)
(/usr/share/texlive/texmf-dist/tex/latex/amsmath/amsmath.sty
Package: amsmath 2020/01/20 v2.17e AMS math features
\@mathmargin=\skip49

For additional information on amsmath, use the `?' option.
(/usr/share/texlive/texmf-dist/tex/latex/amsmath/amstext.sty
Package: amstext 2000/06/29 v2.01 AMS text

(/usr/share/texlive/texmf-dist/tex/latex/amsmath/amsgen.sty
File: amsgen.sty 1999/11/30 v2.0 generic functions
\@emptytoks=\toks14
\ex@=\dimen135
))
(/usr/share/texlive/texmf-dist/tex/latex/amsmath/amsbsy.sty
Package: amsbsy 1999/11/29 v1.2d Bold Symbols
\pmbraise@=\dimen136
)
(/usr/share/texlive/texmf-dist/tex/latex/amsmath/amsopn.sty
Package: amsopn 2016/03/08 v2.02 operator names
)
\inf@bad=\count175
LaTeX Info: Redefining \frac on input line 227.
\uproot@=\count176
\leftroot@=\count177
LaTeX Info: Redefining \overline on input line 389.
\classnum@=\count178
\DOTSCASE@=\count179
LaTeX Info: Redefining \ldots on input line 486.
LaTeX Info: Redefining \dots on input line 489.
LaTeX Info: Redefining \cdots on input line 610.
\Mathstrutbox@=\box45
\strutbox@=\box46
\big@size=\dimen137
LaTeX Font Info:    Redeclaring font encoding OML on input line 733.
LaTeX Font Info:    Redeclaring font encoding OMS on input line 734.
\macc@depth=\count180
\c@MaxMatrixCols=\count181
\dotsspace@=\muskip16
\c@parentequation=\count182
\dspbrk@lvl=\count183
\tag@help=\toks15
\row@=\count184
\column@=\count185
\maxfields@=\count186
\andhelp@=\toks16
\eqnshift@=\dimen138
\alignsep@=\dimen139
\tagshift@=\dimen140
\tagwidth@=\dimen141
\totwidth@=\dimen142
\lineht@=\dimen143
\@envbody=\toks17
\multlinegap=\skip50
\multlinetaggap=\skip51
\mathdisplay@stack=\toks18
LaTeX Info: Redefining \[ on input line 2859.
LaTeX Info: Redefining \] on input line 2860.
)
(/usr/share/texlive/texmf-dist/tex/latex/base/fontenc.sty
Package: fontenc 2020/02/11 v2.0o Standard LaTeX package
)
(/usr/share/texlive/texmf-dist/tex/generic/babel/babel.sty
Package: babel 2020/02/14 3.40 The Babel package

(/usr/share/texlive/texmf-dist/tex/generic/babel/switch.def
File: switch.def 2020/02/14 3.40 Babel switching mechanism
)

! Package babel Error: Unknown option `polish'. Either you misspelled it
(babel)                or the language definition file polish.ldf was not found
.

See the babel package documentation for explanation.
Type  H <return>  for immediate help.
 ...                                              
                                                  
l.542 \ProcessOptions*
                      
? 
Package babel Info: You haven't specified a language. I'll use 'nil'
(babel)             as the main language. Reported on input line 572.
(/usr/share/texlive/texmf-dist/tex/generic/babel/nil.ldf
Language: nil 2020/02/14 3.40 Nil language

(/usr/share/texlive/texmf-dist/tex/generic/babel/babel.def
File: babel.def 2020/02/14 3.40 Babel common definitions
\babel@savecnt=\count187
\U@D=\dimen144

(/usr/share/texlive/texmf-dist/tex/generic/babel/txtbabel.def)
\bbl@readstream=\read2
\bbl@dirlevel=\count188
)
\l@nil=\language3
))
(/usr/share/texlive/texmf-dist/tex/latex/base/inputenc.sty
Package: inputenc 2018/08/11 v1.3c Input encoding file
\inpenc@prehook=\toks19
\inpenc@posthook=\toks20
)
(/usr/share/texlive/texmf-dist/tex/latex/tools/array.sty
Package: array 2019/08/31 v2.4l Tabular extension package (FMi)
\col@sep=\dimen145
\ar@mcellbox=\box47
\extrarowheight=\dimen146
\NC@list=\toks21
\extratabsurround=\skip52
\backup@length=\skip53
\ar@cellbox=\box48
)
(/usr/share/texlive/texmf-dist/tex/latex/l3backend/l3backend-pdfmode.def
File: l3backend-pdfmode.def 2020-02-03 L3 backend support: PDF mode
\l__kernel_color_stack_int=\count189
\l__pdf_internal_box=\box49
)
(./result.aux)
\openout1 = `result.aux'.

LaTeX Font Info:    Checking defaults for OML/cmm/m/it on input line 7.
LaTeX Font Info:    ... okay on input line 7.
LaTeX Font Info:    Checking defaults for OMS/cmsy/m/n on input line 7.
LaTeX Font Info:    ... okay on input line 7.
LaTeX Font Info:    Checking defaults for OT1/cmr/m/n on input line 7.
LaTeX Font Info:    ... okay on input line 7.
LaTeX Font Info:    Checking defaults for T1/cmr/m/n on input line 7.
LaTeX Font Info:    ... okay on input line 7.
LaTeX Font Info:    Checking defaults for TS1/cmr/m/n on input line 7.
LaTeX Font Info:    ... okay on input line 7.
LaTeX Font Info:    Checking defaults for OMX/cmex/m/n on input line 7.
LaTeX Font Info:    ... okay on input line 7.
LaTeX Font Info:    Checking defaults for U/cmr/m/n on input line 7.
LaTeX Font Info:    ... okay on input line 7.

Underfull \hbox (badness 2512) in paragraph at lines 33--33
[]|\T1/cmr/m/n/12 Zapis permutacji w jednej linii (one-line
 []


Underfull \hbox (badness 10000) in paragraph at lines 37--37
[]|\T1/cmr/m/n/12 Poprzednia permutacja (previous
 []


Overfull \hbox (25.19998pt too wide) in paragraph at lines 26--46
 [][] 
 []


Underfull \hbox (badness 2512) in paragraph at lines 65--65
[]|\T1/cmr/m/n/12 Zapis permutacji w jednej linii (one-line
 []


Underfull \hbox (badness 10000) in paragraph at lines 69--69
[]|\T1/cmr/m/n/12 Poprzednia permutacja (previous
 []


Overfull \hbox (25.19998pt too wide) in paragraph at lines 58--79
 [][] 
 []

[1

{/var/lib/texmf/fonts/map/pdftex/updmap/pdftex.map}]
Underfull \hbox (badness 2512) in paragraph at lines 98--98
[]|\T1/cmr/m/n/12 Zapis permutacji w jednej linii (one-line
 []


Underfull \hbox (badness 10000) in paragraph at lines 102--102
[]|\T1/cmr/m/n/12 Poprzednia permutacja (previous
 []


Overfull \hbox (25.19998pt too wide) in paragraph at lines 91--112
 [][] 
 []

[2]
Underfull \hbox (badness 2512) in paragraph at lines 131--131
[]|\T1/cmr/m/n/12 Zapis permutacji w jednej linii (one-line
 []


Underfull \hbox (badness 10000) in paragraph at lines 135--135
[]|\T1/cmr/m/n/12 Poprzednia permutacja (previous
 []


Overfull \hbox (25.19998pt too wide) in paragraph at lines 124--145
 [][] 
 []


Underfull \hbox (badness 2512) in paragraph at lines 164--164
[]|\T1/cmr/m/n/12 Zapis permutacji w jednej linii (one-line
 []


Underfull \hbox (badness 10000) in paragraph at lines 168--168
[]|\T1/cmr/m/n/12 Poprzednia permutacja (previous
 []


Overfull \hbox (25.19998pt too wide) in paragraph at lines 157--178
 [][] 
 []

[3]
Underfull \hbox (badness 2512) in paragraph at lines 197--197
[]|\T1/cmr/m/n/12 Zapis permutacji w jednej linii (one-line
 []


Underfull \hbox (badness 10000) in paragraph at lines 201--201
[]|\T1/cmr/m/n/12 Poprzednia permutacja (previous
 []


Overfull \hbox (25.19998pt too wide) in paragraph at lines 190--211
 [][] 
 []

[4]
Underfull \hbox (badness 2512) in paragraph at lines 230--230
[]|\T1/cmr/m/n/12 Zapis permutacji w jednej linii (one-line
 []


Underfull \hbox (badness 10000) in paragraph at lines 234--234
[]|\T1/cmr/m/n/12 Poprzednia permutacja (previous
 []


Overfull \hbox (25.19998pt too wide) in paragraph at lines 223--244
 [][] 
 []


Underfull \hbox (badness 2512) in paragraph at lines 263--263
[]|\T1/cmr/m/n/12 Zapis permutacji w jednej linii (one-line
 []


Underfull \hbox (badness 10000) in paragraph at lines 267--267
[]|\T1/cmr/m/n/12 Poprzednia permutacja (previous
 []


Overfull \hbox (25.19998pt too wide) in paragraph at lines 256--277
 [][] 
 []

[5]
Underfull \hbox (badness 2512) in paragraph at lines 296--296
[]|\T1/cmr/m/n/12 Zapis permutacji w jednej linii (one-line
 []


Underfull \hbox (badness 10000) in paragraph at lines 300--300
[]|\T1/cmr/m/n/12 Poprzednia permutacja (previous
 []


Overfull \hbox (25.19998pt too wide) in paragraph at lines 289--310
 [][] 
 []

[6]
Underfull \hbox (badness 2512) in paragraph at lines 329--329
[]|\T1/cmr/m/n/12 Zapis permutacji w jednej linii (one-line
 []


Underfull \hbox (badness 10000) in paragraph at lines 333--333
[]|\T1/cmr/m/n/12 Poprzednia permutacja (previous
 []


Overfull \hbox (25.19998pt too wide) in paragraph at lines 322--343
 [][] 
 []


Underfull \hbox (badness 2512) in paragraph at lines 362--362
[]|\T1/cmr/m/n/12 Zapis permutacji w jednej linii (one-line
 []


Underfull \hbox (badness 10000) in paragraph at lines 366--366
[]|\T1/cmr/m/n/12 Poprzednia permutacja (previous
 []


Overfull \hbox (25.19998pt too wide) in paragraph at lines 355--376
 [][] 
 []

[7]
Underfull \hbox (badness 2512) in paragraph at lines 395--395
[]|\T1/cmr/m/n/12 Zapis permutacji w jednej linii (one-line
 []


Underfull \hbox (badness 10000) in paragraph at lines 399--399
[]|\T1/cmr/m/n/12 Poprzednia permutacja (previous
 []


Overfull \hbox (25.19998pt too wide) in paragraph at lines 388--409
 [][] 
 []

[8]
Underfull \hbox (badness 2512) in paragraph at lines 428--428
[]|\T1/cmr/m/n/12 Zapis permutacji w jednej linii (one-line
 []


Underfull \hbox (badness 10000) in paragraph at lines 432--432
[]|\T1/cmr/m/n/12 Poprzednia permutacja (previous
 []


Overfull \hbox (25.19998pt too wide) in paragraph at lines 421--442
 [][] 
 []


Underfull \hbox (badness 2512) in paragraph at lines 461--461
[]|\T1/cmr/m/n/12 Zapis permutacji w jednej linii (one-line
 []


Underfull \hbox (badness 10000) in paragraph at lines 465--465
[]|\T1/cmr/m/n/12 Poprzednia permutacja (previous
 []


Overfull \hbox (25.19998pt too wide) in paragraph at lines 454--475
 [][] 
 []

[9]
Underfull \hbox (badness 2512) in paragraph at lines 494--494
[]|\T1/cmr/m/n/12 Zapis permutacji w jednej linii (one-line
 []


Underfull \hbox (badness 10000) in paragraph at lines 498--498
[]|\T1/cmr/m/n/12 Poprzednia permutacja (previous
 []


Overfull \hbox (25.19998pt too wide) in paragraph at lines 487--508
 [][] 
 []

[10]
Underfull \hbox (badness 2512) in paragraph at lines 527--527
[]|\T1/cmr/m/n/12 Zapis permutacji w jednej linii (one-line
 []


Underfull \hbox (badness 10000) in paragraph at lines 531--531
[]|\T1/cmr/m/n/12 Poprzednia permutacja (previous
 []


Overfull \hbox (25.19998pt too wide) in paragraph at lines 520--541
 [][] 
 []


Underfull \hbox (badness 2512) in paragraph at lines 560--560
[]|\T1/cmr/m/n/12 Zapis permutacji w jednej linii (one-line
 []


Underfull \hbox (badness 10000) in paragraph at lines 564--564
[]|\T1/cmr/m/n/12 Poprzednia permutacja (previous
 []


Overfull \hbox (25.19998pt too wide) in paragraph at lines 553--574
 [][] 
 []

[11]
Underfull \hbox (badness 2512) in paragraph at lines 593--593
[]|\T1/cmr/m/n/12 Zapis permutacji w jednej linii (one-line
 []


Underfull \hbox (badness 10000) in paragraph at lines 597--597
[]|\T1/cmr/m/n/12 Poprzednia permutacja (previous
 []


Overfull \hbox (25.19998pt too wide) in paragraph at lines 586--607
 [][] 
 []

[12]
Underfull \hbox (badness 2512) in paragraph at lines 626--626
[]|\T1/cmr/m/n/12 Zapis permutacji w jednej linii (one-line
 []


Underfull \hbox (badness 10000) in paragraph at lines 630--630
[]|\T1/cmr/m/n/12 Poprzednia permutacja (previous
 []


Overfull \hbox (25.19998pt too wide) in paragraph at lines 619--640
 [][] 
 []


Underfull \hbox (badness 2512) in paragraph at lines 659--659
[]|\T1/cmr/m/n/12 Zapis permutacji w jednej linii (one-line
 []


Underfull \hbox (badness 10000) in paragraph at lines 663--663
[]|\T1/cmr/m/n/12 Poprzednia permutacja (previous
 []


Overfull \hbox (25.19998pt too wide) in paragraph at lines 652--673
 [][] 
 []

[13]
Underfull \hbox (badness 2512) in paragraph at lines 692--692
[]|\T1/cmr/m/n/12 Zapis permutacji w jednej linii (one-line
 []


Underfull \hbox (badness 10000) in paragraph at lines 696--696
[]|\T1/cmr/m/n/12 Poprzednia permutacja (previous
 []


Overfull \hbox (25.19998pt too wide) in paragraph at lines 685--706
 [][] 
 []

[14]
Underfull \hbox (badness 2512) in paragraph at lines 725--725
[]|\T1/cmr/m/n/12 Zapis permutacji w jednej linii (one-line
 []


Underfull \hbox (badness 10000) in paragraph at lines 729--729
[]|\T1/cmr/m/n/12 Poprzednia permutacja (previous
 []


Overfull \hbox (25.19998pt too wide) in paragraph at lines 718--739
 [][] 
 []


Underfull \hbox (badness 2512) in paragraph at lines 758--758
[]|\T1/cmr/m/n/12 Zapis permutacji w jednej linii (one-line
 []


Underfull \hbox (badness 10000) in paragraph at lines 762--762
[]|\T1/cmr/m/n/12 Poprzednia permutacja (previous
 []


Overfull \hbox (25.19998pt too wide) in paragraph at lines 751--772
 [][] 
 []

[15]
Underfull \hbox (badness 2512) in paragraph at lines 791--791
[]|\T1/cmr/m/n/12 Zapis permutacji w jednej linii (one-line
 []


Underfull \hbox (badness 10000) in paragraph at lines 795--795
[]|\T1/cmr/m/n/12 Poprzednia permutacja (previous
 []


Underfull \hbox (badness 6944) in paragraph at lines 798--799
[]|\T1/cmr/m/n/12 Brak nast¦pnej permutacji!
 []


Overfull \hbox (25.19998pt too wide) in paragraph at lines 784--804
 [][] 
 []

[16]
Underfull \hbox (badness 2512) in paragraph at lines 826--826
[]|\T1/cmr/m/n/12 Zapis permutacji w jednej linii (one-line
 []


Overfull \hbox (25.19998pt too wide) in paragraph at lines 819--834
 [][] 
 []


Underfull \hbox (badness 2512) in paragraph at lines 853--853
[]|\T1/cmr/m/n/12 Zapis permutacji w jednej linii (one-line
 []


Overfull \hbox (25.19998pt too wide) in paragraph at lines 846--861
 [][] 
 []

[17]
Underfull \hbox (badness 2512) in paragraph at lines 880--880
[]|\T1/cmr/m/n/12 Zapis permutacji w jednej linii (one-line
 []


Overfull \hbox (25.19998pt too wide) in paragraph at lines 873--888
 [][] 
 []


Underfull \hbox (badness 2512) in paragraph at lines 907--907
[]|\T1/cmr/m/n/12 Zapis permutacji w jednej linii (one-line
 []


Overfull \hbox (25.19998pt too wide) in paragraph at lines 900--915
 [][] 
 []


Underfull \hbox (badness 2512) in paragraph at lines 934--934
[]|\T1/cmr/m/n/12 Zapis permutacji w jednej linii (one-line
 []


Overfull \hbox (25.19998pt too wide) in paragraph at lines 927--942
 [][] 
 []

[18]
Underfull \hbox (badness 2512) in paragraph at lines 964--964
[]|\T1/cmr/m/n/12 Zapis permutacji w jednej linii (one-line
 []


Overfull \hbox (25.19998pt too wide) in paragraph at lines 957--972
 [][] 
 []


Underfull \hbox (badness 2512) in paragraph at lines 991--991
[]|\T1/cmr/m/n/12 Zapis permutacji w jednej linii (one-line
 []


Overfull \hbox (25.19998pt too wide) in paragraph at lines 984--999
 [][] 
 []

[19]
Underfull \hbox (badness 2512) in paragraph at lines 1021--1021
[]|\T1/cmr/m/n/12 Zapis permutacji w jednej linii (one-line
 []


Overfull \hbox (25.19998pt too wide) in paragraph at lines 1014--1029
 [][] 
 []


Underfull \hbox (badness 2512) in paragraph at lines 1048--1048
[]|\T1/cmr/m/n/12 Zapis permutacji w jednej linii (one-line
 []


Overfull \hbox (25.19998pt too wide) in paragraph at lines 1041--1056
 [][] 
 []

[20]
Underfull \hbox (badness 2512) in paragraph at lines 1075--1075
[]|\T1/cmr/m/n/12 Zapis permutacji w jednej linii (one-line
 []


Overfull \hbox (25.19998pt too wide) in paragraph at lines 1068--1083
 [][] 
 []


Underfull \hbox (badness 2512) in paragraph at lines 1102--1102
[]|\T1/cmr/m/n/12 Zapis permutacji w jednej linii (one-line
 []


Overfull \hbox (25.19998pt too wide) in paragraph at lines 1095--1110
 [][] 
 []

[21]
Underfull \hbox (badness 2512) in paragraph at lines 1129--1129
[]|\T1/cmr/m/n/12 Zapis permutacji w jednej linii (one-line
 []


Overfull \hbox (25.19998pt too wide) in paragraph at lines 1122--1137
 [][] 
 []


Underfull \hbox (badness 2512) in paragraph at lines 1156--1156
[]|\T1/cmr/m/n/12 Zapis permutacji w jednej linii (one-line
 []


Overfull \hbox (25.19998pt too wide) in paragraph at lines 1149--1164
 [][] 
 []

[22]
Underfull \hbox (badness 2512) in paragraph at lines 1183--1183
[]|\T1/cmr/m/n/12 Zapis permutacji w jednej linii (one-line
 []


Overfull \hbox (25.19998pt too wide) in paragraph at lines 1176--1191
 [][] 
 []


Underfull \hbox (badness 2512) in paragraph at lines 1213--1213
[]|\T1/cmr/m/n/12 Zapis permutacji w jednej linii (one-line
 []


Overfull \hbox (25.19998pt too wide) in paragraph at lines 1206--1221
 [][] 
 []

[23]
Underfull \hbox (badness 2512) in paragraph at lines 1240--1240
[]|\T1/cmr/m/n/12 Zapis permutacji w jednej linii (one-line
 []


Overfull \hbox (25.19998pt too wide) in paragraph at lines 1233--1248
 [][] 
 []

[24] (./result.aux) ) 
Here is how much of TeX's memory you used:
 1896 strings out of 483183
 24267 string characters out of 5966292
 277952 words of memory out of 5000000
 16937 multiletter control sequences out of 15000+600000
 539600 words of font info for 41 fonts, out of 8000000 for 9000
 14 hyphenation exceptions out of 8191
 30i,15n,25p,229b,242s stack positions out of 5000i,500n,10000p,200000b,80000s
 </home/olek/.texlive2019/texmf-var/fonts/pk/ljfour/jknapp
en/ec/ecbx1440.600pk> </home/olek/.texlive2019/texmf-var/fonts/pk/ljfour/jknapp
en/ec/ecbx1728.600pk> </home/olek/.texlive2019/texmf-var/fonts/pk/ljfour/jknapp
en/ec/ecrm1200.600pk></usr/share/texlive/texmf-dist/fonts/type1/public/amsfonts
/cm/cmex10.pfb></usr/share/texlive/texmf-dist/fonts/type1/public/amsfonts/cm/cm
r12.pfb>
Output written on result.pdf (24 pages, 82199 bytes).
PDF statistics:
 215 PDF objects out of 1000 (max. 8388607)
 72 compressed objects within 1 object stream
 0 named destinations out of 1000 (max. 500000)
 1 words of extra memory for PDF output out of 10000 (max. 10000000)

